<?xml version="1.0" encoding="UTF-8"?>
<!-- Generated by org.testng.reporters.JUnitReportReporter -->
<testsuite hostname="Akatsuki" failures="0" tests="1" name="yatraBooking.yatraBookingClass" time="18.228" errors="0" timestamp="10 Aug 2019 15:16:43 GMT" skipped="0">
  <testcase classname="yatraBooking.yatraBookingClass" name="yatraBooking" time="18.228"/>
</testsuite> <!-- yatraBooking.yatraBookingClass -->
